# JRE version: OpenJDK Runtime Environment Temurin-21.0.3+9 (21.0.3+9) (build 21.0.3+9-LTS)
# Java VM: OpenJDK 64-Bit Server VM Temurin-21.0.3+9 (21.0.3+9-LTS, mixed mode, tiered, compressed oops, compressed class ptrs, g1 gc, windows-amd64)
GC Precious Log:
 CardTable entry size: 512
 Card Set container configuration: InlinePtr #cards 4 size 8 Array Of Cards #cards 32 size 80 Howl #buckets 8 coarsen threshold 7372 Howl Bitmap #cards 1024 size 144 coarsen threshold 921 Card regions per heap region 1 cards per card region 8192
 CPUs: 8 total, 8 available
 Memory: 32706M
 Large Page Support: Disabled
 NUMA Support: Disabled
 Compressed Oops: Enabled (Zero based)
 Heap Region Size: 4M
 Heap Min Capacity: 8M
 Heap Initial Capacity: 512M
 Heap Max Capacity: 8180M
 Pre-touch: Disabled
 Parallel Workers: 8
 Concurrent Workers: 2
 Concurrent Refinement Workers: 8
 Periodic GC: Disabled
Heap:
 garbage-first heap   total 81920K, used 45050K [0x0000000600c00000, 0x0000000800000000)
  region size 4096K, 8 young (32768K), 1 survivors (4096K)
 Metaspace       used 44079K, committed 44608K, reserved 1114112K
  class space    used 4654K, committed 4864K, reserved 1048576K
GC Heap History (10 events):
Event: 20.248 GC heap before
{Heap before GC invocations=0 (full 0):
 garbage-first heap   total 524288K, used 32768K [0x0000000600c00000, 0x0000000800000000)
  region size 4096K, 6 young (24576K), 0 survivors (0K)
 Metaspace       used 18956K, committed 19200K, reserved 1114112K
  class space    used 1897K, committed 1984K, reserved 1048576K
}
Event: 20.254 GC heap after
{Heap after GC invocations=1 (full 0):
 garbage-first heap   total 524288K, used 12390K [0x0000000600c00000, 0x0000000800000000)
  region size 4096K, 1 young (4096K), 1 survivors (4096K)
 Metaspace       used 18956K, committed 19200K, reserved 1114112K
  class space    used 1897K, committed 1984K, reserved 1048576K
}
Event: 21.411 GC heap before
{Heap before GC invocations=1 (full 0):
 garbage-first heap   total 524288K, used 16486K [0x0000000600c00000, 0x0000000800000000)
  region size 4096K, 3 young (12288K), 1 survivors (4096K)
 Metaspace       used 21241K, committed 21504K, reserved 1114112K
  class space    used 2144K, committed 2240K, reserved 1048576K
}
Event: 21.416 GC heap after
{Heap after GC invocations=2 (full 0):
 garbage-first heap   total 524288K, used 13302K [0x0000000600c00000, 0x0000000800000000)
  region size 4096K, 1 young (4096K), 1 survivors (4096K)
 Metaspace       used 21241K, committed 21504K, reserved 1114112K
  class space    used 2144K, committed 2240K, reserved 1048576K
}
Event: 31.577 GC heap before
{Heap before GC invocations=3 (full 0):
 garbage-first heap   total 81920K, used 50166K [0x0000000600c00000, 0x0000000800000000)
  region size 4096K, 12 young (49152K), 1 survivors (4096K)
 Metaspace       used 35637K, committed 35968K, reserved 1114112K
  class space    used 3758K, committed 3904K, reserved 1048576K
}
Event: 31.586 GC heap after
{Heap after GC invocations=4 (full 0):
 garbage-first heap   total 81920K, used 22958K [0x0000000600c00000, 0x0000000800000000)
  region size 4096K, 2 young (8192K), 2 survivors (8192K)
 Metaspace       used 35637K, committed 35968K, reserved 1114112K
  class space    used 3758K, committed 3904K, reserved 1048576K
}
Event: 31.615 GC heap before
{Heap before GC invocations=4 (full 0):
 garbage-first heap   total 81920K, used 22958K [0x0000000600c00000, 0x0000000800000000)
  region size 4096K, 3 young (12288K), 2 survivors (8192K)
 Metaspace       used 35934K, committed 36288K, reserved 1114112K
  class space    used 3794K, committed 3968K, reserved 1048576K
}
Event: 31.621 GC heap after
{Heap after GC invocations=5 (full 0):
 garbage-first heap   total 81920K, used 24664K [0x0000000600c00000, 0x0000000800000000)
  region size 4096K, 1 young (4096K), 1 survivors (4096K)
 Metaspace       used 35934K, committed 36288K, reserved 1114112K
  class space    used 3794K, committed 3968K, reserved 1048576K
}
Event: 36.292 GC heap before
{Heap before GC invocations=5 (full 0):
 garbage-first heap   total 81920K, used 24664K [0x0000000600c00000, 0x0000000800000000)
  region size 4096K, 2 young (8192K), 1 survivors (4096K)
 Metaspace       used 36254K, committed 36608K, reserved 1114112K
  class space    used 3842K, committed 4032K, reserved 1048576K
}
Event: 36.294 GC heap after
{Heap after GC invocations=6 (full 0):
 garbage-first heap   total 81920K, used 24570K [0x0000000600c00000, 0x0000000800000000)
  region size 4096K, 1 young (4096K), 1 survivors (4096K)
 Metaspace       used 36254K, committed 36608K, reserved 1114112K
  class space    used 3842K, committed 4032K, reserved 1048576K
}

